<?xml version="1.0" encoding="UTF-8"?>
<testsuite xmlns:xsi="http://www.w3.org/2001/XMLSchema-instance" xsi:noNamespaceSchemaLocation="https://maven.apache.org/surefire/maven-surefire-plugin/xsd/surefire-test-report.xsd" version="3.0.2" name="at.ac.tuwien.sepr.assignment.individual.service.CustomerServiceTest" time="0.001" tests="2" errors="0" skipped="2" failures="0">
  <properties>
[...]
</properties>
  <testcase name="searchByNameFindTwo" classname="at.ac.tuwien.sepr.assignment.individual.service.CustomerServiceTest" time="0.0">
    <skipped message="class at.ac.tuwien.sepr.assignment.individual.service.CustomerServiceTest is @Disabled"/>
  </testcase>
  <testcase name="searchByAge" classname="at.ac.tuwien.sepr.assignment.individual.service.CustomerServiceTest" time="0.0">
    <skipped message="class at.ac.tuwien.sepr.assignment.individual.service.CustomerServiceTest is @Disabled"/>
  </testcase>
</testsuite>